2018051915483819 May 15:49:07 - Logged on.
19 May 15:49:07 -  Team: D User ID: 0
19 May 15:49:07 -  Team: D User ID: 76561198448064330
19 May 15:49:07 - Received servers.
19 May 15:49:08 - Node-dota2 ready.
Sa May 15:49:08 - Unhandled cache ID: 7
19 May 15:49:09 - {"eresult":2}
19 May 15:49:09 - CSODOTALobby {
  members: 
   [ CDOTALobbyMember {
       disabled_hero_id: [],
       enabled_hero_id: [],
       xp_bonuses: [],
       custom_game_product_ids: [],
       id: [Object],
       team: 0,
       name: 'workspace1936',
       slot: 1,
       leaver_status: 1,
       channel: 6,
       partner_account_type: 0,
       coach_team: 5,
       cameraman: false,
       favorite_team_packed: [Object],
       is_prime_subscriber: false } ],
  left_members: [],
  pending_invites: [],
  team_details: [],
  timed_reward_details: [],
  broadcast_channel_info: [],
  extra_messages: [],
  previous_series_matches: [],
  event_progression_enabled: [],
  lobby_id: Long { low: 1106325845, high: 5963588, unsigned: true },
  game_mode: 1,
  state: 0,
  leader_id: Long { low: 487798602, high: 17825793, unsigned: true },
  lobby_type: 1,
  allow_cheats: true,
  fill_with_bots: false,
  intro_mode: false,
  game_name: 'tghbcvf335g',
  server_region: 5,
  cm_pick: 0,
  allow_spectating: true,
  bot_difficulty_radiant: 0,
  game_version: 1,
  pass_key: 'ap',
  leagueid: 0,
  penalty_level_radiant: 0,
  penalty_level_dire: 0,
  series_type: 1,
  radiant_series_wins: 0,
  dire_series_wins: 0,
  allchat: true,
  dota_tv_delay: 1,
  lan: false,
  lan_host_ping_to_server_region: 0,
  visibility: 0,
  league_series_id: 0,
  league_game_id: 0,
  previous_match_override: Long { low: 0, high: 0, unsigned: true },
  pause_setting: 0,
  bot_difficulty_dire: 0,
  bot_radiant: Long { low: 0, high: 0, unsigned: true },
  bot_dire: Long { low: 0, high: 0, unsigned: true },
  selection_priority_rules: 0 }
19 May 15:49:09 - {"eresult":1}
19 May 15:49:09 - CSODOTALobby {
  members: 
   [ CDOTALobbyMember {
       disabled_hero_id: [],
       enabled_hero_id: [],
       xp_bonuses: [],
       custom_game_product_ids: [],
       id: [Object],
       team: 4,
       name: 'workspace1936',
       slot: 0,
       leaver_status: 1,
       channel: 6,
       partner_account_type: 0,
       coach_team: 5,
       cameraman: false,
       favorite_team_packed: [Object],
       is_prime_subscriber: false } ],
  left_members: [],
  pending_invites: [],
  team_details: [],
  timed_reward_details: [],
  broadcast_channel_info: [],
  extra_messages: [],
  previous_series_matches: [],
  event_progression_enabled: [],
  lobby_id: Long { low: 1106325845, high: 5963588, unsigned: true },
  game_mode: 1,
  state: 0,
  leader_id: Long { low: 487798602, high: 17825793, unsigned: true },
  lobby_type: 1,
  allow_cheats: true,
  fill_with_bots: false,
  intro_mode: false,
  game_name: 'tghbcvf335g',
  server_region: 5,
  cm_pick: 0,
  allow_spectating: true,
  bot_difficulty_radiant: 0,
  game_version: 1,
  pass_key: 'ap',
  leagueid: 0,
  penalty_level_radiant: 0,
  penalty_level_dire: 0,
  series_type: 1,
  radiant_series_wins: 0,
  dire_series_wins: 0,
  allchat: true,
  dota_tv_delay: 1,
  lan: false,
  lan_host_ping_to_server_region: 0,
  visibility: 0,
  league_series_id: 0,
  league_game_id: 0,
  previous_match_override: Long { low: 0, high: 0, unsigned: true },
  pause_setting: 0,
  bot_difficulty_dire: 0,
  bot_radiant: Long { low: 0, high: 0, unsigned: true },
  bot_dire: Long { low: 0, high: 0, unsigned: true },
  selection_priority_rules: 0 }
19 May 15:49:10 - CSODOTALobby {
  members: 
   [ CDOTALobbyMember {
       disabled_hero_id: [],
       enabled_hero_id: [],
       xp_bonuses: [],
       custom_game_product_ids: [],
       id: [Object],
       team: 4,
       name: 'workspace1936',
       slot: 0,
       leaver_status: 1,
       channel: 6,
       partner_account_type: 0,
       coach_team: 5,
       cameraman: false,
       favorite_team_packed: [Object],
       is_prime_subscriber: false } ],
  left_members: [],
  pending_invites: [],
  team_details: [],
  timed_reward_details: [],
  broadcast_channel_info: [],
  extra_messages: [],
  previous_series_matches: [],
  event_progression_enabled: [],
  lobby_id: Long { low: 1106325845, high: 5963588, unsigned: true },
  game_mode: 1,
  state: 0,
  leader_id: Long { low: 487798602, high: 17825793, unsigned: true },
  lobby_type: 1,
  allow_cheats: true,
  fill_with_bots: false,
  intro_mode: false,
  game_name: 'tghbcvf335g',
  server_region: 5,
  cm_pick: 0,
  allow_spectating: true,
  bot_difficulty_radiant: 0,
  game_version: 1,
  pass_key: 'ap',
  leagueid: 0,
  penalty_level_radiant: 0,
  penalty_level_dire: 0,
  series_type: 1,
  radiant_series_wins: 0,
  dire_series_wins: 0,
  allchat: true,
  dota_tv_delay: 1,
  lan: false,
  lan_host_ping_to_server_region: 0,
  visibility: 0,
  league_series_id: 0,
  league_game_id: 0,
  previous_match_override: Long { low: 0, high: 0, unsigned: true },
  pause_setting: 0,
  bot_difficulty_dire: 0,
  bot_radiant: Long { low: 0, high: 0, unsigned: true },
  bot_dire: Long { low: 0, high: 0, unsigned: true },
  selection_priority_rules: 0 }
19 May 15:49:10 - Inviting user ID: 0 Team: D
19 May 15:49:10 - Inviting user ID: 76561198448064330 Team: D
19 May 15:49:11 - Created invitation to online user 76561198448064330
